==51769== Memcheck, a memory error detector
==51769== Copyright (C) 2002-2022, and GNU GPL'd, by Julian Seward et al.
==51769== Using Valgrind-3.22.0 and LibVEX; rerun with -h for copyright info
==51769== Command: ./testa_backup
==51769== Parent PID: 51768
==51769== 
==51769== 
==51769== HEAP SUMMARY:
==51769==     in use at exit: 944 bytes in 2 blocks
==51769==   total heap usage: 222 allocs, 220 frees, 145,991 bytes allocated
==51769== 
==51769== LEAK SUMMARY:
==51769==    definitely lost: 0 bytes in 0 blocks
==51769==    indirectly lost: 0 bytes in 0 blocks
==51769==      possibly lost: 0 bytes in 0 blocks
==51769==    still reachable: 944 bytes in 2 blocks
==51769==         suppressed: 0 bytes in 0 blocks
==51769== Reachable blocks (those to which a pointer was found) are not shown.
==51769== To see them, rerun with: --leak-check=full --show-leak-kinds=all
==51769== 
==51769== For lists of detected and suppressed errors, rerun with: -s
==51769== ERROR SUMMARY: 0 errors from 0 contexts (suppressed: 0 from 0)
